<?xml version="1.0" encoding="UTF-8"?>
<!-- Generated by org.testng.reporters.JUnitReportReporter -->
<testsuite hostname="WKSL-477" failures="0" tests="7" name="tests.SampleTest" time="19.088" errors="0" timestamp="01 Aug 2019 06:27:30 GMT" skipped="0">
  <testcase classname="tests.SampleTest" name="LoginIncorrectUsername" time="3.498"/>
  <testcase classname="tests.SampleTest" name="LoginIncorrectPassword" time="3.510"/>
  <testcase classname="tests.SampleTest" name="LoginCorrect" time="0.806"/>
  <testcase classname="tests.SampleTest" name="LoginBlank" time="3.470"/>
  <testcase classname="tests.SampleTest" name="LoginIncorrectUsernamePassword" time="3.488"/>
  <testcase classname="tests.SampleTest" name="ViewRecord" time="1.575"/>
  <testcase classname="tests.SampleTest" name="LogOut" time="2.741"/>
</testsuite> <!-- tests.SampleTest -->
